Loaded suite test/unit/acquisition_stream_spec_test
Started
EEEEEEEEEEEEEEE
Finished in 89.125272 seconds.

  1) Error:
test_aaa(AcquisitionStreamSpecTest):
ActiveRecord::StatementInvalid: SQLite3::SQLException: no such table: wired_locations: DELETE FROM "wired_locations" WHERE 1=1
    

  2) Error:
test_acquisition_interface(AcquisitionStreamSpecTest):
ActiveRecord::StatementInvalid: SQLite3::SQLException: no such table: wired_locations: DELETE FROM "wired_locations" WHERE 1=1
    

  3) Error:
test_acquisition_interface_id_equal(AcquisitionStreamSpecTest):
ActiveRecord::StatementInvalid: SQLite3::SQLException: no such table: wired_locations: DELETE FROM "wired_locations" WHERE 1=1
    

  4) Error:
test_acquisition_interface_id_not_nil(AcquisitionStreamSpecTest):
ActiveRecord::StatementInvalid: SQLite3::SQLException: no such table: wired_locations: DELETE FROM "wired_locations" WHERE 1=1
    

  5) Error:
test_acquisition_interface_not_nil(AcquisitionStreamSpecTest):
ActiveRecord::StatementInvalid: SQLite3::SQLException: no such table: wired_locations: DELETE FROM "wired_locations" WHERE 1=1
    

  6) Error:
test_acquisition_interfaces_name(AcquisitionStreamSpecTest):
ActiveRecord::StatementInvalid: SQLite3::SQLException: no such table: wired_locations: DELETE FROM "wired_locations" WHERE 1=1
    

  7) Error:
test_acquisition_stream_specs_not_nil(AcquisitionStreamSpecTest):
ActiveRecord::StatementInvalid: SQLite3::SQLException: no such table: wired_locations: DELETE FROM "wired_locations" WHERE 1=1
    

  8) Error:
test_associatons(AcquisitionStreamSpecTest):
ActiveRecord::StatementInvalid: SQLite3::SQLException: no such table: wired_locations: DELETE FROM "wired_locations" WHERE 1=1
    

  9) Error:
test_id_equal(AcquisitionStreamSpecTest):
ActiveRecord::StatementInvalid: SQLite3::SQLException: no such table: wired_locations: DELETE FROM "wired_locations" WHERE 1=1
    

 10) Error:
test_nameFromInterface(AcquisitionStreamSpecTest):
ActiveRecord::StatementInvalid: SQLite3::SQLException: no such table: wired_locations: DELETE FROM "wired_locations" WHERE 1=1
    

 11) Error:
test_nameFromInterface_String(AcquisitionStreamSpecTest):
ActiveRecord::StatementInvalid: SQLite3::SQLException: no such table: wired_locations: DELETE FROM "wired_locations" WHERE 1=1
    

 12) Error:
test_nameFromInterface_downcase(AcquisitionStreamSpecTest):
ActiveRecord::StatementInvalid: SQLite3::SQLException: no such table: wired_locations: DELETE FROM "wired_locations" WHERE 1=1
    

 13) Error:
test_nameFromInterface_downcase_nil(AcquisitionStreamSpecTest):
ActiveRecord::StatementInvalid: SQLite3::SQLException: no such table: wired_locations: DELETE FROM "wired_locations" WHERE 1=1
    

 14) Error:
test_scheme(AcquisitionStreamSpecTest):
ActiveRecord::StatementInvalid: SQLite3::SQLException: no such table: wired_locations: DELETE FROM "wired_locations" WHERE 1=1
    

 15) Error:
test_schemeFromInterface(AcquisitionStreamSpecTest):
ActiveRecord::StatementInvalid: SQLite3::SQLException: no such table: wired_locations: DELETE FROM "wired_locations" WHERE 1=1
    

15 tests, 0 assertions, 0 failures, 15 errors
