Loaded suite test/unit/stream_method_test
Started
EEEE
Finished in 76.123363 seconds.

  1) Error:
test_code_sizes(StreamMethodTest):
ActiveRecord::StatementInvalid: SQLite3::SQLException: table test_runs has no column named : INSERT INTO "test_runs" ("", "tests_stop_on_error", "failures", "test_type", "model", "created_at", "updated_at", "tests", "id", "assertions", "environment", "test", "test_id") VALUES ('', 0, 2, 'unit', 'acquisition_interface', 'Thu', '02 Jun 2011 00:53:47 -0700', 5, 980193036, 34, '', '', 0)
    

  2) Error:
test_general_associations(StreamMethodTest):
ActiveRecord::StatementInvalid: SQLite3::SQLException: table test_runs has no column named : INSERT INTO "test_runs" ("", "tests_stop_on_error", "failures", "test_type", "model", "created_at", "updated_at", "tests", "id", "assertions", "environment", "test", "test_id") VALUES ('', 0, 2, 'unit', 'acquisition_interface', 'Thu', '02 Jun 2011 00:53:47 -0700', 5, 980193036, 34, '', '', 0)
    

  3) Error:
test_id_equal(StreamMethodTest):
ActiveRecord::StatementInvalid: SQLite3::SQLException: table test_runs has no column named : INSERT INTO "test_runs" ("", "tests_stop_on_error", "failures", "test_type", "model", "created_at", "updated_at", "tests", "id", "assertions", "environment", "test", "test_id") VALUES ('', 0, 2, 'unit', 'acquisition_interface', 'Thu', '02 Jun 2011 00:53:47 -0700', 5, 980193036, 34, '', '', 0)
    

  4) Error:
test_interaction(StreamMethodTest):
ActiveRecord::StatementInvalid: SQLite3::SQLException: table test_runs has no column named : INSERT INTO "test_runs" ("", "tests_stop_on_error", "failures", "test_type", "model", "created_at", "updated_at", "tests", "id", "assertions", "environment", "test", "test_id") VALUES ('', 0, 2, 'unit', 'acquisition_interface', 'Thu', '02 Jun 2011 00:53:47 -0700', 5, 980193036, 34, '', '', 0)
    

4 tests, 0 assertions, 0 failures, 4 errors
