passed
2016-03-14 04:17:03.365
ruby -v -W0 /home/greg/Desktop/src/Open-Table-Explorer/test/unit/command_line_test.rb
ruby 2.2.4p230 (2015-12-16) [x86_64-linux-gnu]
Run options: --seed 0

# Running:

..E..FE....E.EE.E......EF...F..

Finished in 14.736111s, 2.1037 runs/s, 4.5467 assertions/s.

  1) Error:
NewTestClass#test_Constants:
NoMethodError: undefined method `assertions' for CommandLine:Class
    /usr/lib/ruby/vendor_ruby/minitest/assertions.rb:125:in `assert'
    /usr/lib/ruby/vendor_ruby/minitest/assertions.rb:327:in `assert_respond_to'
    /usr/lib/ruby/vendor_ruby/minitest/assertions.rb:195:in `assert_includes'
    /home/greg/Desktop/src/Open-Table-Explorer/test/assertions/ruby_assertions.rb:512:in `nested_scope_modules?'
    /home/greg/Desktop/src/Open-Table-Explorer/test/assertions/ruby_assertions.rb:518:in `assert_nested_scope_submodule'
    /home/greg/Desktop/src/Open-Table-Explorer/test/assertions/command_line_assertions.rb:21:in `assert_pre_conditions'
    /home/greg/Desktop/src/Open-Table-Explorer/test/unit/command_line_test.rb:52:in `test_Constants'
    /usr/lib/ruby/vendor_ruby/minitest/test.rb:108:in `block (3 levels) in run'
    /usr/lib/ruby/vendor_ruby/minitest/test.rb:205:in `capture_exceptions'
    /usr/lib/ruby/vendor_ruby/minitest/test.rb:105:in `block (2 levels) in run'
    /usr/lib/ruby/vendor_ruby/minitest/test.rb:256:in `time_it'
    /usr/lib/ruby/vendor_ruby/minitest/test.rb:104:in `block in run'
    /usr/lib/ruby/vendor_ruby/minitest.rb:331:in `on_signal'
    /usr/lib/ruby/vendor_ruby/minitest/test.rb:276:in `with_info_handler'
    /usr/lib/ruby/vendor_ruby/minitest/test.rb:103:in `run'
    /usr/lib/ruby/vendor_ruby/minitest.rb:778:in `run_one_method'
    /usr/lib/ruby/vendor_ruby/minitest.rb:305:in `run_one_method'
    /usr/lib/ruby/vendor_ruby/minitest.rb:293:in `block (2 levels) in run'
    /usr/lib/ruby/vendor_ruby/minitest.rb:292:in `each'
    /usr/lib/ruby/vendor_ruby/minitest.rb:292:in `block in run'
    /usr/lib/ruby/vendor_ruby/minitest.rb:331:in `on_signal'
    /usr/lib/ruby/vendor_ruby/minitest.rb:318:in `with_info_handler'
    /usr/lib/ruby/vendor_ruby/minitest.rb:291:in `run'
    /usr/lib/ruby/vendor_ruby/minitest.rb:152:in `block in __run'
    /usr/lib/ruby/vendor_ruby/minitest.rb:152:in `map'
    /usr/lib/ruby/vendor_ruby/minitest.rb:152:in `__run'
    /usr/lib/ruby/vendor_ruby/minitest.rb:129:in `run'
    /usr/lib/ruby/vendor_ruby/minitest.rb:56:in `block in autorun'


  2) Failure:
NewTestClass#test_required_arguments [/home/greg/Desktop/src/Open-Table-Explorer/test/unit/command_line_test.rb:37]:
Expected: -1
  Actual: 0


  3) Error:
NewTestClass#test_default_arguments?:
Exception: ! 
!= arg
!~ arg
<=> arg
== arg
=== arg
=~ arg
__id__ 
__send__ ...
_synchronize 
` arg
acts_like? arg
add_default_message ...
argument_types 
arguments 
argv 
arity arg
as_json ...
assert arg...
assert_answer arg arg arg...
assert_array_of arg arg
assert_attribute_of arg arg arg
assert_call arg arg...
assert_call_result arg arg...
assert_constant_instance_respond_to ...
assert_constant_path_respond_to ...
assert_data_file arg...
assert_dir_includes arg arg
assert_directory_exists arg...
assert_empty arg...
assert_equal arg arg...
assert_equal_sets arg arg...
assert_flat_set arg
assert_global_name arg
assert_has_instance_methods arg...
assert_in_delta arg arg...
assert_in_epsilon arg arg...
assert_included_submodule arg...
assert_includes arg arg...
assert_instance_of arg arg...
assert_kind_of arg arg...
assert_match arg arg...
assert_module_included arg arg
assert_nested_scope_submodule arg...
assert_nil arg...
assert_no_duplicates arg...
assert_operator arg arg...
assert_output ...
assert_overlap arg arg
assert_path_to_constant ...
assert_pathname_exists arg...
assert_post_conditions 
assert_pre_conditions 
assert_predicate arg arg...
assert_public_instance_method arg arg...
assert_raises ...
assert_regexp arg
assert_respond_to arg arg...
assert_same arg arg...
assert_scope_path ...
assert_send arg...
assert_set_promotable arg
assert_silent 
assert_single_element_array arg
assert_subset arg arg...
assert_throws arg...
asset_nested_and_included arg...
banner 
blank? 
caller_lines ...
candidate_commands ...
candidate_commands_strings 
canonicalName 
capture arg
capture_io 
capture_subprocess_io 
class 
class_eval ...
cleanup_ARGV 
clone 
concern arg
context_names ...
deep_dup 
default_arguments? arg
default_message 
define_singleton_method ...
diff arg arg
dispatch_required_arguments arg
display ...
dup 
duplicable? 
enable_warnings 
enum_for ...
enumerate ...
enumerate_single ...
eql? arg
equal? arg
exception_details arg arg
executable_method? arg...
executable_object ...
explain_assert_block ...
explain_assert_equal arg arg...
explain_assert_respond_to arg arg...
extend ...
find_example? 
find_examples 
flunk ...
freeze 
frozen? 
global_name? arg
hash 
html_safe? 
in? arg
info arg
inspect 
instance_eval ...
instance_exec ...
instance_of? arg
instance_values 
instance_variable_defined? arg
instance_variable_get arg
instance_variable_names 
instance_variable_set arg arg
instance_variables 
is_a? arg
itself 
kind_of? arg
make_executable_object arg
matching_methods_in_context arg...
message ...
method arg
method_context arg
method_contexts ...
method_exception_string arg
methods ...
missing_file_message arg
module? 
module_included? arg
mu_pp arg
mu_pp_for_diff arg
must_be ...
must_be_close_to ...
must_be_empty ...
must_be_instance_of ...
must_be_kind_of ...
must_be_nil ...
must_be_same_as ...
must_be_silent ...
must_be_within_delta ...
must_be_within_epsilon ...
must_equal ...
must_include ...
must_match ...
must_output ...
must_raise ...
must_respond_to ...
must_throw ...
nested_scope_modules? 
newline_if_not_empty arg
nil? 
noninherited_modules 
noninherited_public_class_methods 
noninherited_public_instance_methods 
number_of_arguments 
objectClass ...
objectKind 
objectName ...
object_id 
object_identities 
pass ...
presence 
presence_in arg
present? 
private_methods ...
protected_methods ...
psych_to_yaml ...
public_method arg
public_methods ...
public_send ...
quieter 
quietly 
refute arg...
refute_empty arg...
refute_equal arg arg...
refute_in_delta arg arg...
refute_in_epsilon arg arg...
refute_includes arg arg...
refute_instance_of arg arg...
refute_kind_of arg arg...
refute_match arg arg...
refute_nil arg...
refute_operator arg arg...
refute_predicate arg arg...
refute_respond_to arg arg...
refute_same arg arg...
relationship ...
remove_instance_variable arg
required_arguments arg
respond_to? ...
ruby_mime 
send ...
silence arg
silence_stderr 
silence_stream arg
silence_warnings 
singleton_class 
singleton_method arg
singleton_methods ...
skip ...
skipped? 
stub arg arg...
sub_command 
suppress ...
taint 
tainted? 
tap 
test 
test_class_name 
to_enum ...
to_json ...
to_json_with_active_support_encoder ...
to_json_without_active_support_encoder ...
to_param 
to_query arg
to_s 
to_yaml ...
to_yaml_properties 
trace arg
trace_names? ...
trace_to_s arg
trace_value arg...
trust 
try ...
try! ...
unit_class 
untaint 
untrust 
untrusted? 
warn ...
what_is? 
where_is? 
whoAmI ...
with_options arg
with_warnings arg
wont_be ...
wont_be_close_to ...
wont_be_empty ...
wont_be_instance_of ...
wont_be_kind_of ...
wont_be_nil ...
wont_be_same_as ...
wont_be_within_delta ...
wont_be_within_epsilon ...
wont_equal ...
wont_include ...
wont_match ...
wont_respond_to ...
    /home/greg/Desktop/src/Open-Table-Explorer/app/models/command_line.rb:138:in `arity'
    /home/greg/Desktop/src/Open-Table-Explorer/app/models/command_line.rb:144:in `default_arguments?'
    /home/greg/Desktop/src/Open-Table-Explorer/test/unit/command_line_test.rb:29:in `test_default_arguments?'
    /usr/lib/ruby/vendor_ruby/minitest/test.rb:108:in `block (3 levels) in run'
    /usr/lib/ruby/vendor_ruby/minitest/test.rb:205:in `capture_exceptions'
    /usr/lib/ruby/vendor_ruby/minitest/test.rb:105:in `block (2 levels) in run'
    /usr/lib/ruby/vendor_ruby/minitest/test.rb:256:in `time_it'
    /usr/lib/ruby/vendor_ruby/minitest/test.rb:104:in `block in run'
    /usr/lib/ruby/vendor_ruby/minitest.rb:331:in `on_signal'
    /usr/lib/ruby/vendor_ruby/minitest/test.rb:276:in `with_info_handler'
    /usr/lib/ruby/vendor_ruby/minitest/test.rb:103:in `run'
    /usr/lib/ruby/vendor_ruby/minitest.rb:778:in `run_one_method'
    /usr/lib/ruby/vendor_ruby/minitest.rb:305:in `run_one_method'
    /usr/lib/ruby/vendor_ruby/minitest.rb:293:in `block (2 levels) in run'
    /usr/lib/ruby/vendor_ruby/minitest.rb:292:in `each'
    /usr/lib/ruby/vendor_ruby/minitest.rb:292:in `block in run'
    /usr/lib/ruby/vendor_ruby/minitest.rb:331:in `on_signal'
    /usr/lib/ruby/vendor_ruby/minitest.rb:318:in `with_info_handler'
    /usr/lib/ruby/vendor_ruby/minitest.rb:291:in `run'
    /usr/lib/ruby/vendor_ruby/minitest.rb:152:in `block in __run'
    /usr/lib/ruby/vendor_ruby/minitest.rb:152:in `map'
    /usr/lib/ruby/vendor_ruby/minitest.rb:152:in `__run'
    /usr/lib/ruby/vendor_ruby/minitest.rb:129:in `run'
    /usr/lib/ruby/vendor_ruby/minitest.rb:56:in `block in autorun'


  4) Error:
NewTestClass#test_arity:
Exception: ! 
!= arg
!~ arg
<=> arg
== arg
=== arg
=~ arg
__id__ 
__send__ ...
_synchronize 
` arg
acts_like? arg
add_default_message ...
argument_types 
arguments 
argv 
arity arg
as_json ...
assert arg...
assert_answer arg arg arg...
assert_array_of arg arg
assert_attribute_of arg arg arg
assert_call arg arg...
assert_call_result arg arg...
assert_constant_instance_respond_to ...
assert_constant_path_respond_to ...
assert_data_file arg...
assert_dir_includes arg arg
assert_directory_exists arg...
assert_empty arg...
assert_equal arg arg...
assert_equal_sets arg arg...
assert_flat_set arg
assert_global_name arg
assert_has_instance_methods arg...
assert_in_delta arg arg...
assert_in_epsilon arg arg...
assert_included_submodule arg...
assert_includes arg arg...
assert_instance_of arg arg...
assert_kind_of arg arg...
assert_match arg arg...
assert_module_included arg arg
assert_nested_scope_submodule arg...
assert_nil arg...
assert_no_duplicates arg...
assert_operator arg arg...
assert_output ...
assert_overlap arg arg
assert_path_to_constant ...
assert_pathname_exists arg...
assert_post_conditions 
assert_pre_conditions 
assert_predicate arg arg...
assert_public_instance_method arg arg...
assert_raises ...
assert_regexp arg
assert_respond_to arg arg...
assert_same arg arg...
assert_scope_path ...
assert_send arg...
assert_set_promotable arg
assert_silent 
assert_single_element_array arg
assert_subset arg arg...
assert_throws arg...
asset_nested_and_included arg...
banner 
blank? 
caller_lines ...
candidate_commands ...
candidate_commands_strings 
canonicalName 
capture arg
capture_io 
capture_subprocess_io 
class 
class_eval ...
cleanup_ARGV 
clone 
concern arg
context_names ...
deep_dup 
default_arguments? arg
default_message 
define_singleton_method ...
diff arg arg
dispatch_required_arguments arg
display ...
dup 
duplicable? 
enable_warnings 
enum_for ...
enumerate ...
enumerate_single ...
eql? arg
equal? arg
exception_details arg arg
executable_method? arg...
executable_object ...
explain_assert_block ...
explain_assert_equal arg arg...
explain_assert_respond_to arg arg...
extend ...
find_example? 
find_examples 
flunk ...
freeze 
frozen? 
global_name? arg
hash 
html_safe? 
in? arg
info arg
inspect 
instance_eval ...
instance_exec ...
instance_of? arg
instance_values 
instance_variable_defined? arg
instance_variable_get arg
instance_variable_names 
instance_variable_set arg arg
instance_variables 
is_a? arg
itself 
kind_of? arg
make_executable_object arg
matching_methods_in_context arg...
message ...
method arg
method_context arg
method_contexts ...
method_exception_string arg
methods ...
missing_file_message arg
module? 
module_included? arg
mu_pp arg
mu_pp_for_diff arg
must_be ...
must_be_close_to ...
must_be_empty ...
must_be_instance_of ...
must_be_kind_of ...
must_be_nil ...
must_be_same_as ...
must_be_silent ...
must_be_within_delta ...
must_be_within_epsilon ...
must_equal ...
must_include ...
must_match ...
must_output ...
must_raise ...
must_respond_to ...
must_throw ...
nested_scope_modules? 
newline_if_not_empty arg
nil? 
noninherited_modules 
noninherited_public_class_methods 
noninherited_public_instance_methods 
number_of_arguments 
objectClass ...
objectKind 
objectName ...
object_id 
object_identities 
pass ...
presence 
presence_in arg
present? 
private_methods ...
protected_methods ...
psych_to_yaml ...
public_method arg
public_methods ...
public_send ...
quieter 
quietly 
refute arg...
refute_empty arg...
refute_equal arg arg...
refute_in_delta arg arg...
refute_in_epsilon arg arg...
refute_includes arg arg...
refute_instance_of arg arg...
refute_kind_of arg arg...
refute_match arg arg...
refute_nil arg...
refute_operator arg arg...
refute_predicate arg arg...
refute_respond_to arg arg...
refute_same arg arg...
relationship ...
remove_instance_variable arg
required_arguments arg
respond_to? ...
ruby_mime 
send ...
silence arg
silence_stderr 
silence_stream arg
silence_warnings 
singleton_class 
singleton_method arg
singleton_methods ...
skip ...
skipped? 
stub arg arg...
sub_command 
suppress ...
taint 
tainted? 
tap 
test 
test_class_name 
to_enum ...
to_json ...
to_json_with_active_support_encoder ...
to_json_without_active_support_encoder ...
to_param 
to_query arg
to_s 
to_yaml ...
to_yaml_properties 
trace arg
trace_names? ...
trace_to_s arg
trace_value arg...
trust 
try ...
try! ...
unit_class 
untaint 
untrust 
untrusted? 
warn ...
what_is? 
where_is? 
whoAmI ...
with_options arg
with_warnings arg
wont_be ...
wont_be_close_to ...
wont_be_empty ...
wont_be_instance_of ...
wont_be_kind_of ...
wont_be_nil ...
wont_be_same_as ...
wont_be_within_delta ...
wont_be_within_epsilon ...
wont_equal ...
wont_include ...
wont_match ...
wont_respond_to ...
    /home/greg/Desktop/src/Open-Table-Explorer/app/models/command_line.rb:138:in `arity'
    /home/greg/Desktop/src/Open-Table-Explorer/test/unit/command_line_test.rb:20:in `test_arity'
    /usr/lib/ruby/vendor_ruby/minitest/test.rb:108:in `block (3 levels) in run'
    /usr/lib/ruby/vendor_ruby/minitest/test.rb:205:in `capture_exceptions'
    /usr/lib/ruby/vendor_ruby/minitest/test.rb:105:in `block (2 levels) in run'
    /usr/lib/ruby/vendor_ruby/minitest/test.rb:256:in `time_it'
    /usr/lib/ruby/vendor_ruby/minitest/test.rb:104:in `block in run'
    /usr/lib/ruby/vendor_ruby/minitest.rb:331:in `on_signal'
    /usr/lib/ruby/vendor_ruby/minitest/test.rb:276:in `with_info_handler'
    /usr/lib/ruby/vendor_ruby/minitest/test.rb:103:in `run'
    /usr/lib/ruby/vendor_ruby/minitest.rb:778:in `run_one_method'
    /usr/lib/ruby/vendor_ruby/minitest.rb:305:in `run_one_method'
    /usr/lib/ruby/vendor_ruby/minitest.rb:293:in `block (2 levels) in run'
    /usr/lib/ruby/vendor_ruby/minitest.rb:292:in `each'
    /usr/lib/ruby/vendor_ruby/minitest.rb:292:in `block in run'
    /usr/lib/ruby/vendor_ruby/minitest.rb:331:in `on_signal'
    /usr/lib/ruby/vendor_ruby/minitest.rb:318:in `with_info_handler'
    /usr/lib/ruby/vendor_ruby/minitest.rb:291:in `run'
    /usr/lib/ruby/vendor_ruby/minitest.rb:152:in `block in __run'
    /usr/lib/ruby/vendor_ruby/minitest.rb:152:in `map'
    /usr/lib/ruby/vendor_ruby/minitest.rb:152:in `__run'
    /usr/lib/ruby/vendor_ruby/minitest.rb:129:in `run'
    /usr/lib/ruby/vendor_ruby/minitest.rb:56:in `block in autorun'


  5) Error:
NewTestClass#test_executable_object:
TypeError: no implicit conversion of nil into String
    /home/greg/Desktop/src/Open-Table-Explorer/app/models/file_pattern.rb:124:in `expand_path'
    /home/greg/Desktop/src/Open-Table-Explorer/app/models/file_pattern.rb:124:in `match_all?'
    /home/greg/Desktop/src/Open-Table-Explorer/app/models/file_pattern.rb:131:in `find_all_from_path'
    /home/greg/Desktop/src/Open-Table-Explorer/app/models/file_pattern.rb:137:in `find_from_path'
    /home/greg/Desktop/src/Open-Table-Explorer/app/models/file_pattern.rb:58:in `unit_base_name?'
    /home/greg/Desktop/src/Open-Table-Explorer/app/models/unit.rb:33:in `new_from_path'
    /home/greg/Desktop/src/Open-Table-Explorer/app/models/test_executable.rb:62:in `block in <class:FileArgument>'
    /var/lib/gems/2.2.0/gems/virtus-1.0.3/lib/virtus/attribute/default_value/from_callable.rb:29:in `call'
    /var/lib/gems/2.2.0/gems/virtus-1.0.3/lib/virtus/attribute/default_value/from_callable.rb:29:in `call'
    /var/lib/gems/2.2.0/gems/virtus-1.0.3/lib/virtus/attribute/accessor.rb:79:in `set_default_value'
    /var/lib/gems/2.2.0/gems/virtus-1.0.3/lib/virtus/attribute_set.rb:186:in `block in set_defaults'
    /var/lib/gems/2.2.0/gems/virtus-1.0.3/lib/virtus/attribute_set.rb:46:in `block in each'
    /var/lib/gems/2.2.0/gems/virtus-1.0.3/lib/virtus/attribute_set.rb:46:in `each'
    /var/lib/gems/2.2.0/gems/virtus-1.0.3/lib/virtus/attribute_set.rb:46:in `each'
    /var/lib/gems/2.2.0/gems/virtus-1.0.3/lib/virtus/attribute_set.rb:184:in `set_defaults'
    /var/lib/gems/2.2.0/gems/virtus-1.0.3/lib/virtus/instance_methods.rb:185:in `set_default_attributes'
    /var/lib/gems/2.2.0/gems/virtus-1.0.3/lib/virtus/instance_methods.rb:18:in `initialize'
    /home/greg/Desktop/src/Open-Table-Explorer/test/unit/command_line_test.rb:127:in `new'
    /home/greg/Desktop/src/Open-Table-Explorer/test/unit/command_line_test.rb:127:in `test_executable_object'
    /usr/lib/ruby/vendor_ruby/minitest/test.rb:108:in `block (3 levels) in run'
    /usr/lib/ruby/vendor_ruby/minitest/test.rb:205:in `capture_exceptions'
    /usr/lib/ruby/vendor_ruby/minitest/test.rb:105:in `block (2 levels) in run'
    /usr/lib/ruby/vendor_ruby/minitest/test.rb:256:in `time_it'
    /usr/lib/ruby/vendor_ruby/minitest/test.rb:104:in `block in run'
    /usr/lib/ruby/vendor_ruby/minitest.rb:331:in `on_signal'
    /usr/lib/ruby/vendor_ruby/minitest/test.rb:276:in `with_info_handler'
    /usr/lib/ruby/vendor_ruby/minitest/test.rb:103:in `run'
    /usr/lib/ruby/vendor_ruby/minitest.rb:778:in `run_one_method'
    /usr/lib/ruby/vendor_ruby/minitest.rb:305:in `run_one_method'
    /usr/lib/ruby/vendor_ruby/minitest.rb:293:in `block (2 levels) in run'
    /usr/lib/ruby/vendor_ruby/minitest.rb:292:in `each'
    /usr/lib/ruby/vendor_ruby/minitest.rb:292:in `block in run'
    /usr/lib/ruby/vendor_ruby/minitest.rb:331:in `on_signal'
    /usr/lib/ruby/vendor_ruby/minitest.rb:318:in `with_info_handler'
    /usr/lib/ruby/vendor_ruby/minitest.rb:291:in `run'
    /usr/lib/ruby/vendor_ruby/minitest.rb:152:in `block in __run'
    /usr/lib/ruby/vendor_ruby/minitest.rb:152:in `map'
    /usr/lib/ruby/vendor_ruby/minitest.rb:152:in `__run'
    /usr/lib/ruby/vendor_ruby/minitest.rb:129:in `run'
    /usr/lib/ruby/vendor_ruby/minitest.rb:56:in `block in autorun'


  6) Error:
NewTestClass#test_run:
NoMethodError: undefined method `assertions' for CommandLine:Class
    /usr/lib/ruby/vendor_ruby/minitest/assertions.rb:125:in `assert'
    /usr/lib/ruby/vendor_ruby/minitest/assertions.rb:327:in `assert_respond_to'
    /usr/lib/ruby/vendor_ruby/minitest/assertions.rb:195:in `assert_includes'
    /home/greg/Desktop/src/Open-Table-Explorer/test/assertions/ruby_assertions.rb:512:in `nested_scope_modules?'
    /home/greg/Desktop/src/Open-Table-Explorer/test/assertions/ruby_assertions.rb:518:in `assert_nested_scope_submodule'
    /home/greg/Desktop/src/Open-Table-Explorer/test/assertions/command_line_assertions.rb:21:in `assert_pre_conditions'
    /home/greg/Desktop/src/Open-Table-Explorer/test/unit/command_line_test.rb:187:in `test_run'
    /usr/lib/ruby/vendor_ruby/minitest/test.rb:108:in `block (3 levels) in run'
    /usr/lib/ruby/vendor_ruby/minitest/test.rb:205:in `capture_exceptions'
    /usr/lib/ruby/vendor_ruby/minitest/test.rb:105:in `block (2 levels) in run'
    /usr/lib/ruby/vendor_ruby/minitest/test.rb:256:in `time_it'
    /usr/lib/ruby/vendor_ruby/minitest/test.rb:104:in `block in run'
    /usr/lib/ruby/vendor_ruby/minitest.rb:331:in `on_signal'
    /usr/lib/ruby/vendor_ruby/minitest/test.rb:276:in `with_info_handler'
    /usr/lib/ruby/vendor_ruby/minitest/test.rb:103:in `run'
    /usr/lib/ruby/vendor_ruby/minitest.rb:778:in `run_one_method'
    /usr/lib/ruby/vendor_ruby/minitest.rb:305:in `run_one_method'
    /usr/lib/ruby/vendor_ruby/minitest.rb:293:in `block (2 levels) in run'
    /usr/lib/ruby/vendor_ruby/minitest.rb:292:in `each'
    /usr/lib/ruby/vendor_ruby/minitest.rb:292:in `block in run'
    /usr/lib/ruby/vendor_ruby/minitest.rb:331:in `on_signal'
    /usr/lib/ruby/vendor_ruby/minitest.rb:318:in `with_info_handler'
    /usr/lib/ruby/vendor_ruby/minitest.rb:291:in `run'
    /usr/lib/ruby/vendor_ruby/minitest.rb:152:in `block in __run'
    /usr/lib/ruby/vendor_ruby/minitest.rb:152:in `map'
    /usr/lib/ruby/vendor_ruby/minitest.rb:152:in `__run'
    /usr/lib/ruby/vendor_ruby/minitest.rb:129:in `run'
    /usr/lib/ruby/vendor_ruby/minitest.rb:56:in `block in autorun'


  7) Error:
NewTestClass#test_readme_example:
NoMethodError: undefined method `assertions' for CommandLine:Class
    /usr/lib/ruby/vendor_ruby/minitest/assertions.rb:125:in `assert'
    /usr/lib/ruby/vendor_ruby/minitest/assertions.rb:327:in `assert_respond_to'
    /usr/lib/ruby/vendor_ruby/minitest/assertions.rb:195:in `assert_includes'
    /home/greg/Desktop/src/Open-Table-Explorer/test/assertions/ruby_assertions.rb:512:in `nested_scope_modules?'
    /home/greg/Desktop/src/Open-Table-Explorer/test/assertions/ruby_assertions.rb:518:in `assert_nested_scope_submodule'
    /home/greg/Desktop/src/Open-Table-Explorer/test/assertions/command_line_assertions.rb:21:in `assert_pre_conditions'
    /home/greg/Desktop/src/Open-Table-Explorer/test/unit/command_line_test.rb:224:in `test_readme_example'
    /usr/lib/ruby/vendor_ruby/minitest/test.rb:108:in `block (3 levels) in run'
    /usr/lib/ruby/vendor_ruby/minitest/test.rb:205:in `capture_exceptions'
    /usr/lib/ruby/vendor_ruby/minitest/test.rb:105:in `block (2 levels) in run'
    /usr/lib/ruby/vendor_ruby/minitest/test.rb:256:in `time_it'
    /usr/lib/ruby/vendor_ruby/minitest/test.rb:104:in `block in run'
    /usr/lib/ruby/vendor_ruby/minitest.rb:331:in `on_signal'
    /usr/lib/ruby/vendor_ruby/minitest/test.rb:276:in `with_info_handler'
    /usr/lib/ruby/vendor_ruby/minitest/test.rb:103:in `run'
    /usr/lib/ruby/vendor_ruby/minitest.rb:778:in `run_one_method'
    /usr/lib/ruby/vendor_ruby/minitest.rb:305:in `run_one_method'
    /usr/lib/ruby/vendor_ruby/minitest.rb:293:in `block (2 levels) in run'
    /usr/lib/ruby/vendor_ruby/minitest.rb:292:in `each'
    /usr/lib/ruby/vendor_ruby/minitest.rb:292:in `block in run'
    /usr/lib/ruby/vendor_ruby/minitest.rb:331:in `on_signal'
    /usr/lib/ruby/vendor_ruby/minitest.rb:318:in `with_info_handler'
    /usr/lib/ruby/vendor_ruby/minitest.rb:291:in `run'
    /usr/lib/ruby/vendor_ruby/minitest.rb:152:in `block in __run'
    /usr/lib/ruby/vendor_ruby/minitest.rb:152:in `map'
    /usr/lib/ruby/vendor_ruby/minitest.rb:152:in `__run'
    /usr/lib/ruby/vendor_ruby/minitest.rb:129:in `run'
    /usr/lib/ruby/vendor_ruby/minitest.rb:56:in `block in autorun'


  8) Error:
NewTestClass#test_dispatch_one_argument:
Exception: infinite loop follows
    /home/greg/Desktop/src/Open-Table-Explorer/test/unit/command_line_test.rb:159:in `test_dispatch_one_argument'
    /usr/lib/ruby/vendor_ruby/minitest/test.rb:108:in `block (3 levels) in run'
    /usr/lib/ruby/vendor_ruby/minitest/test.rb:205:in `capture_exceptions'
    /usr/lib/ruby/vendor_ruby/minitest/test.rb:105:in `block (2 levels) in run'
    /usr/lib/ruby/vendor_ruby/minitest/test.rb:256:in `time_it'
    /usr/lib/ruby/vendor_ruby/minitest/test.rb:104:in `block in run'
    /usr/lib/ruby/vendor_ruby/minitest.rb:331:in `on_signal'
    /usr/lib/ruby/vendor_ruby/minitest/test.rb:276:in `with_info_handler'
    /usr/lib/ruby/vendor_ruby/minitest/test.rb:103:in `run'
    /usr/lib/ruby/vendor_ruby/minitest.rb:778:in `run_one_method'
    /usr/lib/ruby/vendor_ruby/minitest.rb:305:in `run_one_method'
    /usr/lib/ruby/vendor_ruby/minitest.rb:293:in `block (2 levels) in run'
    /usr/lib/ruby/vendor_ruby/minitest.rb:292:in `each'
    /usr/lib/ruby/vendor_ruby/minitest.rb:292:in `block in run'
    /usr/lib/ruby/vendor_ruby/minitest.rb:331:in `on_signal'
    /usr/lib/ruby/vendor_ruby/minitest.rb:318:in `with_info_handler'
    /usr/lib/ruby/vendor_ruby/minitest.rb:291:in `run'
    /usr/lib/ruby/vendor_ruby/minitest.rb:152:in `block in __run'
    /usr/lib/ruby/vendor_ruby/minitest.rb:152:in `map'
    /usr/lib/ruby/vendor_ruby/minitest.rb:152:in `__run'
    /usr/lib/ruby/vendor_ruby/minitest.rb:129:in `run'
    /usr/lib/ruby/vendor_ruby/minitest.rb:56:in `block in autorun'


  9) Failure:
NewTestClass#test_executable_method [/home/greg/Desktop/src/Open-Table-Explorer/test/unit/command_line_test.rb:154]:
$ ruby -W0 script/command_line.rb editor minimal test/unit/samba_test.rb
@errors="/home/greg/Desktop/src/Open-Table-Explorer/app/models/command_line.rb:215:in `run': minimal is not an instance method of Editor (Exception)\n candidate_commands = ! \n!= arg\n!~ arg\n<=> arg\n== arg\n=== arg\n=~ arg\n__id__ \n__send__ ...\n_synchronize \n` arg\nacts_like? arg\nadd_default_message ...\nas_json ...\nassert arg...\nassert_empty arg...\nassert_equal arg arg...\nassert_in_delta arg arg...\nassert_in_epsilon arg arg...\nassert_includes arg arg...\nassert_instance_of arg arg...\nassert_kind_of arg arg...\nassert_match arg arg...\nassert_nil arg...\nassert_operator arg arg...\nassert_output ...\nassert_post_conditions \nassert_pre_conditions \nassert_predicate arg arg...\nassert_raises ...\nassert_respond_to arg arg...\nassert_same arg arg...\nassert_send arg...\nassert_silent \nassert_throws arg...\nblank? \ncaller_lines ...\ncanonicalName \ncapture arg\ncapture_io \ncapture_subprocess_io \nclass \nclass_eval ...\nclone \nconcern arg\ncontext_names ...\ndeep_dup \ndefault_message \ndefine_singleton_method ...\ndiff arg arg\ndisplay ...\ndup \nduplicable? \nedit \nemacs ...\nenable_warnings \nenum_for ...\nenumerate ...\nenumerate_single ...\neql? arg\nequal? arg\nexception_details arg arg\nextend ...\nflunk ...\nfreeze \nfrozen? \ngoldilocks arg...\nhash \nhtml_safe? \nin? arg\ninfo arg\ninspect \ninstance_eval ...\ninstance_exec ...\ninstance_of? arg\ninstance_values \ninstance_variable_defined? arg\ninstance_variable_get arg\ninstance_variable_names \ninstance_variable_set arg arg\ninstance_variables \nis_a? arg\nitself \nkind_of? arg\nmatching_methods_in_context arg...\nmessage ...\nmethod arg\nmethod_context arg\nmethod_contexts ...\nmethods ...\nminimal_comparison? \nminimal_edit \nmodule? \nmodule_included? arg\nmu_pp arg\nmu_pp_for_diff arg\nnewline_if_not_empty arg\nnil? \nnoninherited_modules \nnoninherited_public_class_methods \nnoninherited_public_instance_methods \nobjectClass ...\nobjectKind \nobjectName ...\nobject_id \nobject_identities \npass ...\npresence \npresence_in arg\npresent? \nprivate_methods ...\nprotected_methods ...\npsych_to_yaml ...\npublic_method arg\npublic_methods ...\npublic_send ...\nquietly \nrefute arg...\nrefute_empty arg...\nrefute_equal arg arg...\nrefute_in_delta arg arg...\nrefute_in_epsilon arg arg...\nrefute_includes arg arg...\nrefute_instance_of arg arg...\nrefute_kind_of arg arg...\nrefute_match arg arg...\nrefute_nil arg...\nrefute_operator arg arg...\nrefute_predicate arg arg...\nrefute_respond_to arg arg...\nrefute_same arg arg...\nrelationship ...\nremove_instance_variable arg\nrespond_to? ...\nsend ...\nsilence arg\nsilence_stderr \nsilence_stream arg\nsilence_warnings \nsingleton_class \nsingleton_method arg\nsingleton_methods ...\nskip ...\nskipped? \nsplit arg arg\nsuppress ...\ntaint \ntainted? \ntap \ntest_executable \ntest_files ...\nto_enum ...\nto_json ...\nto_json_with_active_support_encoder ...\nto_json_without_active_support_encoder ...\nto_param \nto_query arg\nto_s \nto_yaml ...\nto_yaml_properties \ntrace arg\ntrace_names? ...\ntrace_to_s arg\ntrace_value arg...\ntrust \ntry ...\ntry! ...\nunit_maturity \nuntaint \nuntrust \nuntrusted? \nversion_comparison ...\nwhoAmI ...\nwith_options arg\nwith_warnings arg\n\tfrom script/command_line.rb:78:in `block in <main>'\n\tfrom /home/greg/Desktop/src/Open-Table-Explorer/app/models/command_line.rb:207:in `call'\n\tfrom /home/greg/Desktop/src/Open-Table-Explorer/app/models/command_line.rb:207:in `run'\n\tfrom script/command_line.rb:61:in `<main>'\n"
@process_status=#<Process::Status: pid 12706 exit 1>



 10) Failure:
NewTestClass#test_argument_type [/home/greg/Desktop/src/Open-Table-Explorer/test/unit/command_line_test.rb:196]:
[:edited]

31 runs, 67 assertions, 3 failures, 7 errors, 0 skips

