(in /home/greg/Desktop/Database/Open-Table-Explorer)
Loaded suite /var/lib/gems/1.8/gems/rake-0.8.7/lib/rake/rake_test_loader
Started
..............E....E.......E..E.......................E........................................EEEEEEEE.E.......loads_attributes={"x_10_address"=>nil, "timer_savings"=>true, "parent_description"=>"North east outlet", "audio_video"=>true, "plug_width"=>nil, "node"=>157, "daylight_savings_adjustment"=>false, "background"=>true, "node_id"=>nil, "parent_node"=>24, "id"=>235, "computer_common"=>false, "volatile"=>false, "recorder"=>false, "description"=>"Mitsubishi stereo", "motion_savings"=>false, "plug_in_location"=>nil, "bedtime_savings"=>false, "away_savings"=>false}
loads_attributes={"x_10_address"=>nil, "timer_savings"=>true, "parent_description"=>"North east outlet", "audio_video"=>true, "plug_width"=>nil, "node"=>9999999, "daylight_savings_adjustment"=>false, "background"=>true, "node_id"=>nil, "parent_node"=>24, "id"=>235, "computer_common"=>false, "volatile"=>false, "recorder"=>false, "description"=>"Mitsubishi stereo", "motion_savings"=>false, "plug_in_location"=>nil, "bedtime_savings"=>false, "away_savings"=>false}
E.....F.........................................................................E.E.EE.................
Finished in 35.575144 seconds.

  1) Error:
test_should_show_acquisition_interface(AcquisitionInterfacesControllerTest):
ActionView::Template::Error: undefined method `name' for nil:NilClass
    app/models/acquisition_stream_spec.rb:78:in `nameFromInterface'
    app/models/acquisition_stream_spec.rb:81:in `schemeFromInterface'
    app/models/acquisition_interface.rb:24:in `urls_by_scheme'
    app/models/acquisition_interface.rb:23:in `select'
    app/models/acquisition_interface.rb:23:in `urls_by_scheme'
    app/views/acquisition_interfaces/show.html.erb:63:in `_app_views_acquisition_interfaces_show_html_erb___331669309__623322388_0'
    app/controllers/acquisition_interfaces_controller.rb:18:in `show'
    /test/functional/acquisition_interfaces_controller_test.rb:24:in `test_should_show_acquisition_interface'

  2) Error:
test_should_get_edit(AcquisitionStreamSpecsControllerTest):
ActionView::Template::Error: undefined method `AcquisitionInterface_Id' for #<AcquisitionStreamSpec:0xb5a710ec>
    app/views/acquisition_stream_specs/edit.html.erb:18:in `_app_views_acquisition_stream_specs_edit_html_erb___392069454__623678628_0'
    app/views/acquisition_stream_specs/edit.html.erb:3:in `_app_views_acquisition_stream_specs_edit_html_erb___392069454__623678628_0'
    /test/functional/acquisition_stream_specs_controller_test.rb:29:in `test_should_get_edit'

  3) Error:
test_should_get_edit(AcquisitionsControllerTest):
ActionView::Template::Error: Called id for nil, which would mistakenly be 4 -- if you really wanted the id of nil, use object_id
    app/views/acquisitions/edit.html.erb:44:in `_app_views_acquisitions_edit_html_erb___485769991__621528178_0'
    /test/functional/acquisitions_controller_test.rb:29:in `test_should_get_edit'

  4) Error:
test_should_show_acquisition(AcquisitionsControllerTest):
ActionView::Template::Error: Called id for nil, which would mistakenly be 4 -- if you really wanted the id of nil, use object_id
    app/views/acquisitions/show.html.erb:46:in `_app_views_acquisitions_show_html_erb___1048543860__621478108_0'
    app/controllers/acquisitions_controller.rb:18:in `show'
    /test/functional/acquisitions_controller_test.rb:24:in `test_should_show_acquisition'

  5) Error:
test_should_create_edison(EdisonsControllerTest):
ActiveRecord::StatementInvalid: SQLite3::ConstraintException: edisons.READDATE may not be NULL: INSERT INTO "edisons" ("kwhusage", "Days", "TOTCHARGES", "SANUM", "AVGDAILY", "KHWREAD", "READDATE", "CANUM") VALUES (NULL, NULL, NULL, NULL, NULL, NULL, NULL, NULL)
    app/controllers/edisons_controller.rb:46:in `create'
    app/controllers/edisons_controller.rb:45:in `create'
    /test/functional/edisons_controller_test.rb:23:in `test_should_create_edison'
    /test/functional/edisons_controller_test.rb:20:in `test_should_create_edison'

  6) Error:
test_association_empty(HuelseriesControllerTest):
FixtureClassNotFound: No class attached to find.
    /test/functional/huelseries_controller_test.rb:5:in `_callback_before_91'

  7) Error:
test_should_create_huelseries(HuelseriesControllerTest):
FixtureClassNotFound: No class attached to find.
    /test/functional/huelseries_controller_test.rb:5:in `_callback_before_91'

  8) Error:
test_should_destroy_huelseries(HuelseriesControllerTest):
FixtureClassNotFound: No class attached to find.
    /test/functional/huelseries_controller_test.rb:5:in `_callback_before_91'

  9) Error:
test_should_get_edit(HuelseriesControllerTest):
FixtureClassNotFound: No class attached to find.
    /test/functional/huelseries_controller_test.rb:5:in `_callback_before_91'

 10) Error:
test_should_get_index(HuelseriesControllerTest):
FixtureClassNotFound: No class attached to find.
    /test/functional/huelseries_controller_test.rb:5:in `_callback_before_91'

 11) Error:
test_should_get_new(HuelseriesControllerTest):
FixtureClassNotFound: No class attached to find.
    /test/functional/huelseries_controller_test.rb:5:in `_callback_before_91'

 12) Error:
test_should_show_huelseries(HuelseriesControllerTest):
FixtureClassNotFound: No class attached to find.
    /test/functional/huelseries_controller_test.rb:5:in `_callback_before_91'

 13) Error:
test_should_update_huelseries(HuelseriesControllerTest):
FixtureClassNotFound: No class attached to find.
    /test/functional/huelseries_controller_test.rb:5:in `_callback_before_91'

 14) Error:
test_should_create_huelshow(HuelshowsControllerTest):
ActiveRecord::RecordNotUnique: SQLite3::ConstraintException: column shortname is not unique: INSERT INTO "huelshows" ("name", "shortname") VALUES ('test create record', 'calgold')
    app/controllers/huelshows_controller.rb:46:in `create'
    app/controllers/huelshows_controller.rb:45:in `create'
    /test/functional/huelshows_controller_test.rb:24:in `test_should_create_huelshow'
    /test/functional/huelshows_controller_test.rb:20:in `test_should_create_huelshow'

 15) Error:
test_should_create_loads(LoadsControllerTest):
ActiveRecord::StatementInvalid: SQLite3::ConstraintException: loads.node may not be NULL: INSERT INTO "loads" ("computer_common", "bedtime_savings", "audio_video", "away_savings", "volatile", "parent_node", "timer_savings", "motion_savings", "description", "plug_width", "x_10_address", "background", "node", "daylight_savings_adjustment", "node_id", "parent_description", "plug_in_location", "recorder") VALUES (NULL, NULL, NULL, NULL, NULL, NULL, NULL, NULL, NULL, NULL, NULL, NULL, NULL, NULL, NULL, NULL, NULL, NULL)
    app/controllers/loads_controller.rb:46:in `create'
    app/controllers/loads_controller.rb:45:in `create'
    /test/functional/loads_controller_test.rb:25:in `test_should_create_loads'
    /test/functional/loads_controller_test.rb:20:in `test_should_create_loads'

 16) Failure:
test_should_update_loads(LoadsControllerTest) [/test/functional/loads_controller_test.rb:43]:
Expected response to be a redirect to <http://test.host/loads> but was a redirect to <http://test.host/loads/235>.

 17) Error:
test_should_create_url(UrlsControllerTest):
ActionController::RoutingError: No route matches {:controller=>"urls", :action=>"show"}
    /test/functional/urls_controller_test.rb:24:in `test_should_create_url'

 18) Error:
test_should_get_edit(UrlsControllerTest):
ActionView::Template::Error: undefined method `model_name' for NilClass:Class
    app/views/urls/_form.html.erb:1:in `_app_views_urls__form_html_erb__406018613__622427328_540416'
    app/views/urls/edit.html.erb:3:in `_app_views_urls_edit_html_erb___573093370__622408368_0'
    /test/functional/urls_controller_test.rb:33:in `test_should_get_edit'

 19) Error:
test_should_get_new(UrlsControllerTest):
ActionView::Template::Error: undefined method `model_name' for NilClass:Class
    app/views/urls/_form.html.erb:1:in `_app_views_urls__form_html_erb__406018613__622427328_540416'
    app/views/urls/new.html.erb:3:in `_app_views_urls_new_html_erb__280969307__623003388_0'
    app/controllers/urls_controller.rb:29:in `new'
    /test/functional/urls_controller_test.rb:15:in `test_should_get_new'

 20) Error:
test_should_show_url(UrlsControllerTest):
ActionView::Template::Error: undefined method `href' for nil:NilClass
    app/views/urls/show.html.erb:5:in `_app_views_urls_show_html_erb__1011616409__623141498_0'
    app/controllers/urls_controller.rb:18:in `show'
    /test/functional/urls_controller_test.rb:28:in `test_should_show_url'

215 tests, 238 assertions, 1 failures, 19 errors
