passed
2015-11-09 09:09:09.761
ruby -v -W0 test/unit/command_line_test.rb
ruby 1.9.3p194 (2012-04-20 revision 35410) [x86_64-linux]
Run options: --seed 0

# Running:

..EE...F.E.E......FE.........E.

Finished in 10.533325s, 2.9430 runs/s, 7.5949 assertions/s.

  1) Error:
NewTestClass#test_dispatch_one_argument:
Exception: infinite loop follows
    test/unit/command_line_test.rb:159:in `test_dispatch_one_argument'


  2) Error:
NewTestClass#test_arity:
Exception: ! 
!= arg
!~ arg
<=> arg
== arg
=== arg
=~ arg
__id__ 
__send__ ...
_synchronize 
` arg
acts_like? arg
add_default_message ...
argument_types 
arguments 
argv 
arity arg
assert arg...
assert_answer ...
assert_array_of arg arg
assert_attribute_of 
assert_call arg arg...
assert_call_result arg arg...
assert_constant_instance_respond_to ...
assert_constant_path_respond_to ...
assert_data_file arg...
assert_dir_includes arg arg
assert_directory_exists arg...
assert_empty arg...
assert_equal arg arg...
assert_equal_sets arg arg...
assert_flat_set arg
assert_global_name arg
assert_has_instance_methods arg...
assert_in_delta arg arg...
assert_in_epsilon arg arg...
assert_included_submodule arg...
assert_includes arg arg...
assert_instance_of arg arg...
assert_kind_of arg arg...
assert_match arg arg...
assert_module_included arg arg
assert_nested_scope_submodule arg...
assert_nil arg...
assert_no_duplicates arg...
assert_operator arg arg...
assert_output ...
assert_overlap arg arg
assert_path_to_constant ...
assert_pathname_exists arg...
assert_post_conditions 
assert_pre_conditions 
assert_predicate arg arg...
assert_public_instance_method arg arg...
assert_raises ...
assert_regexp arg
assert_respond_to arg arg...
assert_same arg arg...
assert_scope_path ...
assert_send arg...
assert_set_promotable arg
assert_silent 
assert_single_element_array arg
assert_subset arg arg...
assert_throws arg...
asset_nested_and_included arg...
banner 
blank? 
breakpoint 
caller_lines ...
candidate_commands ...
candidate_commands_strings 
canonicalName 
capture arg
capture_io 
capture_subprocess_io 
class 
class_eval ...
cleanup_ARGV 
clone 
context_names ...
debugger 
default_arguments? arg
default_message 
define_singleton_method ...
diff arg arg
dispatch_one_argument arg
display ...
dup 
duplicable? 
enable_warnings 
enum_for ...
enumerate ...
enumerate_single ...
eql? arg
equal? arg
exception_details arg arg
executable_method? arg...
executable_object ...
explain_assert_block ...
explain_assert_equal arg arg...
explain_assert_respond_to arg arg...
extend ...
find_example? 
find_examples 
flunk ...
freeze 
frozen? 
global_name? arg
hash 
html_safe? 
in? ...
info arg
initialize_clone arg
initialize_dup arg
inspect 
instance_eval ...
instance_exec ...
instance_of? arg
instance_values 
instance_variable_defined? arg
instance_variable_get arg
instance_variable_names 
instance_variable_set arg arg
instance_variables 
is_a? arg
kind_of? arg
make_executable_object arg
matching_methods_in_context arg...
message ...
method arg
method_context arg
method_contexts ...
method_exception_string arg
methods ...
missing_file_message arg
module? 
module_included? arg
mu_pp arg
mu_pp_for_diff arg
must_be ...
must_be_close_to ...
must_be_empty ...
must_be_instance_of ...
must_be_kind_of ...
must_be_nil ...
must_be_same_as ...
must_be_silent ...
must_be_within_delta ...
must_be_within_epsilon ...
must_equal ...
must_include ...
must_match ...
must_output ...
must_raise ...
must_respond_to ...
must_throw ...
nested_scope_modules? 
newline_if_not_empty arg
nil? 
noninherited_modules 
noninherited_public_class_methods 
noninherited_public_instance_methods 
number_of_arguments 
objectClass ...
objectKind 
objectName ...
object_id 
object_identities 
pass ...
presence 
present? 
private_methods ...
protected_methods ...
psych_to_yaml ...
public_method arg
public_methods ...
public_send ...
quieter 
quietly 
refute arg...
refute_empty arg...
refute_equal arg arg...
refute_in_delta arg arg...
refute_in_epsilon arg arg...
refute_includes arg arg...
refute_instance_of arg arg...
refute_kind_of arg arg...
refute_match arg arg...
refute_nil arg...
refute_operator arg arg...
refute_predicate arg arg...
refute_respond_to arg arg...
refute_same arg arg...
relationship ...
required_arguments arg
respond_to? ...
respond_to_missing? arg arg
ruby_mime 
send ...
silence arg
silence_stderr 
silence_stream arg
silence_warnings 
singleton_class 
singleton_methods ...
skip ...
skipped? 
stub arg arg...
sub_command 
suppress ...
taint 
tainted? 
tap 
test 
test_class_name 
to_enum ...
to_json ...
to_param 
to_query arg
to_s 
to_yaml ...
to_yaml_properties 
trace arg
trace_names? ...
trace_to_s arg
trace_value arg...
trust 
try ...
unit_class 
untaint 
untrust 
untrusted? 
warn ...
what_is? 
where_is? 
whoAmI ...
with_options arg
with_warnings arg
wont_be ...
wont_be_close_to ...
wont_be_empty ...
wont_be_instance_of ...
wont_be_kind_of ...
wont_be_nil ...
wont_be_same_as ...
wont_be_within_delta ...
wont_be_within_epsilon ...
wont_equal ...
wont_include ...
wont_match ...
wont_respond_to ...
    /home/greg/Desktop/src/Open-Table-Explorer/app/models/command_line.rb:138:in `arity'
    test/unit/command_line_test.rb:20:in `test_arity'


  3) Failure:
NewTestClass#test_executable_method [test/unit/command_line_test.rb:154]:
$ ruby -W0 script/command_line.rb editor minimal test/unit/samba_test.rb
@errors="/home/greg/Desktop/src/Open-Table-Explorer/app/models/command_line.rb:218:in `run': minimal is not an instance method of Editor (Exception)\n candidate_commands = ! \n!= arg\n!~ arg\n<=> arg\n== arg\n=== arg\n=~ arg\n__id__ \n__send__ ...\n` arg\nacts_like? arg\nassert_post_conditions \nassert_pre_conditions \nblank? \nbreakpoint \ncanonicalName \ncapture arg\nclass \nclass_eval ...\nclone \ncontext_names ...\ndebugger \ndefine_singleton_method ...\ndisplay ...\ndup \nduplicable? \nedit \nemacs ...\nenable_warnings \nenum_for ...\nenumerate ...\nenumerate_single ...\neql? arg\nequal? arg\nextend ...\nfreeze \nfrozen? \ngoldilocks arg...\nhash \nhtml_safe? \nin? ...\ninfo arg\ninitialize_clone arg\ninitialize_dup arg\ninspect \ninstance_eval ...\ninstance_exec ...\ninstance_of? arg\ninstance_values \ninstance_variable_defined? arg\ninstance_variable_get arg\ninstance_variable_names \ninstance_variable_set arg arg\ninstance_variables \nis_a? arg\nkind_of? arg\nmatching_methods_in_context arg...\nmethod arg\nmethod_context arg\nmethod_contexts ...\nmethods ...\nminimal_comparison? \nminimal_edit \nmodule? \nmodule_included? arg\nnil? \nnoninherited_modules \nnoninherited_public_class_methods \nnoninherited_public_instance_methods \nobjectClass ...\nobjectKind \nobjectName ...\nobject_id \nobject_identities \npresence \npresent? \nprivate_methods ...\nprotected_methods ...\npsych_to_yaml ...\npublic_method arg\npublic_methods ...\npublic_send ...\nquietly \nrelationship ...\nrespond_to? ...\nrespond_to_missing? arg arg\nsend ...\nsilence arg\nsilence_stderr \nsilence_stream arg\nsilence_warnings \nsingleton_class \nsingleton_methods ...\nsplit arg arg\nsuppress ...\ntaint \ntainted? \ntap \ntest_files ...\nto_enum ...\nto_json ...\nto_param \nto_query arg\nto_s \nto_yaml ...\nto_yaml_properties \ntrust \ntry ...\nunit_maturity \nuntaint \nuntrust \nuntrusted? \nversion_comparison ...\nwhoAmI ...\nwith_options arg\nwith_warnings arg\n\tfrom script/command_line.rb:78:in `block in <main>'\n\tfrom /home/greg/Desktop/src/Open-Table-Explorer/app/models/command_line.rb:210:in `call'\n\tfrom /home/greg/Desktop/src/Open-Table-Explorer/app/models/command_line.rb:210:in `run'\n\tfrom script/command_line.rb:61:in `<main>'\n"
@process_status=#<Process::Status: pid 17209 exit 1>



  4) Error:
NewTestClass#test_readme_example:
NoMethodError: undefined method `assertions' for CommandLine:Class
    /home/greg/Desktop/src/Open-Table-Explorer/test/assertions/ruby_assertions.rb:510:in `nested_scope_modules?'
    /home/greg/Desktop/src/Open-Table-Explorer/test/assertions/ruby_assertions.rb:516:in `assert_nested_scope_submodule'
    /home/greg/Desktop/src/Open-Table-Explorer/test/assertions/command_line_assertions.rb:21:in `assert_pre_conditions'
    test/unit/command_line_test.rb:224:in `test_readme_example'


  5) Error:
NewTestClass#test_Constants:
NoMethodError: undefined method `assertions' for CommandLine:Class
    /home/greg/Desktop/src/Open-Table-Explorer/test/assertions/ruby_assertions.rb:510:in `nested_scope_modules?'
    /home/greg/Desktop/src/Open-Table-Explorer/test/assertions/ruby_assertions.rb:516:in `assert_nested_scope_submodule'
    /home/greg/Desktop/src/Open-Table-Explorer/test/assertions/command_line_assertions.rb:21:in `assert_pre_conditions'
    test/unit/command_line_test.rb:52:in `test_Constants'


  6) Failure:
NewTestClass#test_argument_type [test/unit/command_line_test.rb:196]:
[:edited]


  7) Error:
NewTestClass#test_run:
NoMethodError: undefined method `assertions' for CommandLine:Class
    /home/greg/Desktop/src/Open-Table-Explorer/test/assertions/ruby_assertions.rb:510:in `nested_scope_modules?'
    /home/greg/Desktop/src/Open-Table-Explorer/test/assertions/ruby_assertions.rb:516:in `assert_nested_scope_submodule'
    /home/greg/Desktop/src/Open-Table-Explorer/test/assertions/command_line_assertions.rb:21:in `assert_pre_conditions'
    test/unit/command_line_test.rb:187:in `test_run'


  8) Error:
NewTestClass#test_default_arguments?:
Exception: ! 
!= arg
!~ arg
<=> arg
== arg
=== arg
=~ arg
__id__ 
__send__ ...
_synchronize 
` arg
acts_like? arg
add_default_message ...
argument_types 
arguments 
argv 
arity arg
assert arg...
assert_answer ...
assert_array_of arg arg
assert_attribute_of 
assert_call arg arg...
assert_call_result arg arg...
assert_constant_instance_respond_to ...
assert_constant_path_respond_to ...
assert_data_file arg...
assert_dir_includes arg arg
assert_directory_exists arg...
assert_empty arg...
assert_equal arg arg...
assert_equal_sets arg arg...
assert_flat_set arg
assert_global_name arg
assert_has_instance_methods arg...
assert_in_delta arg arg...
assert_in_epsilon arg arg...
assert_included_submodule arg...
assert_includes arg arg...
assert_instance_of arg arg...
assert_kind_of arg arg...
assert_match arg arg...
assert_module_included arg arg
assert_nested_scope_submodule arg...
assert_nil arg...
assert_no_duplicates arg...
assert_operator arg arg...
assert_output ...
assert_overlap arg arg
assert_path_to_constant ...
assert_pathname_exists arg...
assert_post_conditions 
assert_pre_conditions 
assert_predicate arg arg...
assert_public_instance_method arg arg...
assert_raises ...
assert_regexp arg
assert_respond_to arg arg...
assert_same arg arg...
assert_scope_path ...
assert_send arg...
assert_set_promotable arg
assert_silent 
assert_single_element_array arg
assert_subset arg arg...
assert_throws arg...
asset_nested_and_included arg...
banner 
blank? 
breakpoint 
caller_lines ...
candidate_commands ...
candidate_commands_strings 
canonicalName 
capture arg
capture_io 
capture_subprocess_io 
class 
class_eval ...
cleanup_ARGV 
clone 
context_names ...
debugger 
default_arguments? arg
default_message 
define_singleton_method ...
diff arg arg
dispatch_one_argument arg
display ...
dup 
duplicable? 
enable_warnings 
enum_for ...
enumerate ...
enumerate_single ...
eql? arg
equal? arg
exception_details arg arg
executable_method? arg...
executable_object ...
explain_assert_block ...
explain_assert_equal arg arg...
explain_assert_respond_to arg arg...
extend ...
find_example? 
find_examples 
flunk ...
freeze 
frozen? 
global_name? arg
hash 
html_safe? 
in? ...
info arg
initialize_clone arg
initialize_dup arg
inspect 
instance_eval ...
instance_exec ...
instance_of? arg
instance_values 
instance_variable_defined? arg
instance_variable_get arg
instance_variable_names 
instance_variable_set arg arg
instance_variables 
is_a? arg
kind_of? arg
make_executable_object arg
matching_methods_in_context arg...
message ...
method arg
method_context arg
method_contexts ...
method_exception_string arg
methods ...
missing_file_message arg
module? 
module_included? arg
mu_pp arg
mu_pp_for_diff arg
must_be ...
must_be_close_to ...
must_be_empty ...
must_be_instance_of ...
must_be_kind_of ...
must_be_nil ...
must_be_same_as ...
must_be_silent ...
must_be_within_delta ...
must_be_within_epsilon ...
must_equal ...
must_include ...
must_match ...
must_output ...
must_raise ...
must_respond_to ...
must_throw ...
nested_scope_modules? 
newline_if_not_empty arg
nil? 
noninherited_modules 
noninherited_public_class_methods 
noninherited_public_instance_methods 
number_of_arguments 
objectClass ...
objectKind 
objectName ...
object_id 
object_identities 
pass ...
presence 
present? 
private_methods ...
protected_methods ...
psych_to_yaml ...
public_method arg
public_methods ...
public_send ...
quieter 
quietly 
refute arg...
refute_empty arg...
refute_equal arg arg...
refute_in_delta arg arg...
refute_in_epsilon arg arg...
refute_includes arg arg...
refute_instance_of arg arg...
refute_kind_of arg arg...
refute_match arg arg...
refute_nil arg...
refute_operator arg arg...
refute_predicate arg arg...
refute_respond_to arg arg...
refute_same arg arg...
relationship ...
required_arguments arg
respond_to? ...
respond_to_missing? arg arg
ruby_mime 
send ...
silence arg
silence_stderr 
silence_stream arg
silence_warnings 
singleton_class 
singleton_methods ...
skip ...
skipped? 
stub arg arg...
sub_command 
suppress ...
taint 
tainted? 
tap 
test 
test_class_name 
to_enum ...
to_json ...
to_param 
to_query arg
to_s 
to_yaml ...
to_yaml_properties 
trace arg
trace_names? ...
trace_to_s arg
trace_value arg...
trust 
try ...
unit_class 
untaint 
untrust 
untrusted? 
warn ...
what_is? 
where_is? 
whoAmI ...
with_options arg
with_warnings arg
wont_be ...
wont_be_close_to ...
wont_be_empty ...
wont_be_instance_of ...
wont_be_kind_of ...
wont_be_nil ...
wont_be_same_as ...
wont_be_within_delta ...
wont_be_within_epsilon ...
wont_equal ...
wont_include ...
wont_match ...
wont_respond_to ...
    /home/greg/Desktop/src/Open-Table-Explorer/app/models/command_line.rb:138:in `arity'
    /home/greg/Desktop/src/Open-Table-Explorer/app/models/command_line.rb:144:in `default_arguments?'
    test/unit/command_line_test.rb:29:in `test_default_arguments?'

31 runs, 80 assertions, 2 failures, 6 errors, 0 skips

